ChatDemoUI3.0/build/outputs/logs/manifest-merger-debug-report.txt
-- Merging decision tree log ---
manifest
ADDED from ChatDemoUI3.0\AndroidManifest.xml:2:1-490:12
	package
		ADDED from ChatDemoUI3.0\AndroidManifest.xml:4:5-34
		INJECTED from ChatDemoUI3.0\AndroidManifest.xml
		INJECTED from ChatDemoUI3.0\AndroidManifest.xml
	android:versionName
		ADDED from ChatDemoUI3.0\AndroidManifest.xml:6:5-32
		INJECTED from ChatDemoUI3.0\AndroidManifest.xml
		INJECTED from ChatDemoUI3.0\AndroidManifest.xml
	xmlns:tools
		ADDED from ChatDemoUI3.0\AndroidManifest.xml:3:5-51
	android:versionCode
		ADDED from ChatDemoUI3.0\AndroidManifest.xml:5:5-29
		INJECTED from ChatDemoUI3.0\AndroidManifest.xml
		INJECTED from ChatDemoUI3.0\AndroidManifest.xml
	xmlns:android
		ADDED from ChatDemoUI3.0\AndroidManifest.xml:2:11-69
uses-sdk
ADDED from ChatDemoUI3.0\AndroidManifest.xml:8:5-11:59
MERGED from [com.android.support:multidex:1.0.1] AndroidManifest.xml:18:5-42
MERGED from [ChatDemoUI3.0:redpacketlibrary:unspecified] AndroidManifest.xml:7:5-9:41
MERGED from [ChatDemoUI3.0:EaseUI:unspecified] AndroidManifest.xml:7:5-9:41
MERGED from [com.android.support:support-v4:23.3.0] AndroidManifest.xml:20:5-43
MERGED from [ChatDemoUI3.0:EaseUI:unspecified] AndroidManifest.xml:7:5-9:41
MERGED from [com.android.support:support-v4:23.3.0] AndroidManifest.xml:20:5-43
MERGED from [com.android.support:appcompat-v7:23.3.0] AndroidManifest.xml:21:5-23:78
MERGED from [com.android.support:support-vector-drawable:23.3.0] AndroidManifest.xml:5:5-43
MERGED from [com.android.support:support-v4:23.3.0] AndroidManifest.xml:20:5-43
MERGED from [com.android.support:animated-vector-drawable:23.3.0] AndroidManifest.xml:5:5-44
MERGED from [com.android.support:support-vector-drawable:23.3.0] AndroidManifest.xml:5:5-43
MERGED from [com.android.support:support-v4:23.3.0] AndroidManifest.xml:20:5-43
MERGED from [com.android.support:support-v4:23.3.0] AndroidManifest.xml:20:5-43
	tools:overrideLibrary
		ADDED from ChatDemoUI3.0\AndroidManifest.xml:11:9-56
	android:targetSdkVersion
		ADDED from ChatDemoUI3.0\AndroidManifest.xml:10:9-38
		INJECTED from ChatDemoUI3.0\AndroidManifest.xml
		INJECTED from ChatDemoUI3.0\AndroidManifest.xml
	android:minSdkVersion
		ADDED from ChatDemoUI3.0\AndroidManifest.xml:9:9-35
		INJECTED from ChatDemoUI3.0\AndroidManifest.xml
		INJECTED from ChatDemoUI3.0\AndroidManifest.xml
uses-permission#android.permission.VIBRATE
ADDED from ChatDemoUI3.0\AndroidManifest.xml:13:5-66
	android:name
		ADDED from ChatDemoUI3.0\AndroidManifest.xml:13:22-63
uses-permission#android.permission.INTERNET
ADDED from ChatDemoUI3.0\AndroidManifest.xml:14:5-67
	android:name
		ADDED from ChatDemoUI3.0\AndroidManifest.xml:14:22-64
uses-permission#android.permission.RECORD_AUDIO
ADDED from ChatDemoUI3.0\AndroidManifest.xml:15:5-71
	android:name
		ADDED from ChatDemoUI3.0\AndroidManifest.xml:15:22-68
uses-permission#android.permission.CAMERA
ADDED from ChatDemoUI3.0\AndroidManifest.xml:16:5-65
	android:name
		ADDED from ChatDemoUI3.0\AndroidManifest.xml:16:22-62
uses-permission#android.permission.ACCESS_NETWORK_STATE
ADDED from ChatDemoUI3.0\AndroidManifest.xml:17:5-79
	android:name
		ADDED from ChatDemoUI3.0\AndroidManifest.xml:17:22-76
uses-permission#android.permission.WRITE_EXTERNAL_STORAGE
ADDED from ChatDemoUI3.0\AndroidManifest.xml:18:5-81
	android:name
		ADDED from ChatDemoUI3.0\AndroidManifest.xml:18:22-78
uses-permission#android.permission.MOUNT_UNMOUNT_FILESYSTEMS
ADDED from ChatDemoUI3.0\AndroidManifest.xml:19:5-84
	android:name
		ADDED from ChatDemoUI3.0\AndroidManifest.xml:19:22-81
uses-permission#android.permission.ACCESS_FINE_LOCATION
ADDED from ChatDemoUI3.0\AndroidManifest.xml:20:5-79
	android:name
		ADDED from ChatDemoUI3.0\AndroidManifest.xml:20:22-76
uses-permission#android.permission.GET_TASKS
ADDED from ChatDemoUI3.0\AndroidManifest.xml:21:5-68
	android:name
		ADDED from ChatDemoUI3.0\AndroidManifest.xml:21:22-65
uses-permission#android.permission.ACCESS_WIFI_STATE
ADDED from ChatDemoUI3.0\AndroidManifest.xml:22:5-76
	android:name
		ADDED from ChatDemoUI3.0\AndroidManifest.xml:22:22-73
uses-permission#android.permission.CHANGE_WIFI_STATE
ADDED from ChatDemoUI3.0\AndroidManifest.xml:23:5-76
	android:name
		ADDED from ChatDemoUI3.0\AndroidManifest.xml:23:22-73
uses-permission#android.permission.WAKE_LOCK
ADDED from ChatDemoUI3.0\AndroidManifest.xml:24:5-68
	android:name
		ADDED from ChatDemoUI3.0\AndroidManifest.xml:24:22-65
uses-permission#android.permission.MODIFY_AUDIO_SETTINGS
ADDED from ChatDemoUI3.0\AndroidManifest.xml:25:5-80
	android:name
		ADDED from ChatDemoUI3.0\AndroidManifest.xml:25:22-77
uses-permission#android.permission.READ_PHONE_STATE
ADDED from ChatDemoUI3.0\AndroidManifest.xml:26:5-75
	android:name
		ADDED from ChatDemoUI3.0\AndroidManifest.xml:26:22-72
uses-permission#android.permission.RECEIVE_BOOT_COMPLETED
ADDED from ChatDemoUI3.0\AndroidManifest.xml:27:5-81
	android:name
		ADDED from ChatDemoUI3.0\AndroidManifest.xml:27:22-78
uses-permission#android.permission.USE_CREDENTIALS
ADDED from ChatDemoUI3.0\AndroidManifest.xml:28:5-74
	android:name
		ADDED from ChatDemoUI3.0\AndroidManifest.xml:28:22-71
uses-permission#com.android.launcher.permission.READ_SETTINGS
ADDED from ChatDemoUI3.0\AndroidManifest.xml:29:5-85
	android:name
		ADDED from ChatDemoUI3.0\AndroidManifest.xml:29:22-82
uses-permission#android.permission.BROADCAST_STICKY
ADDED from ChatDemoUI3.0\AndroidManifest.xml:30:5-75
	android:name
		ADDED from ChatDemoUI3.0\AndroidManifest.xml:30:22-72
uses-permission#android.permission.WRITE_SETTINGS
ADDED from ChatDemoUI3.0\AndroidManifest.xml:31:5-73
	android:name
		ADDED from ChatDemoUI3.0\AndroidManifest.xml:31:22-70
uses-permission#android.permission.REQUEST_IGNORE_BATTERY_OPTIMIZATIONS
ADDED from ChatDemoUI3.0\AndroidManifest.xml:32:5-95
	android:name
		ADDED from ChatDemoUI3.0\AndroidManifest.xml:32:22-92
uses-permission#com.google.android.c2dm.permission.RECEIVE
ADDED from ChatDemoUI3.0\AndroidManifest.xml:35:5-82
	android:name
		ADDED from ChatDemoUI3.0\AndroidManifest.xml:35:22-79
permission#cn.ucai.superwechat.permission.C2D_MESSAGE
ADDED from ChatDemoUI3.0\AndroidManifest.xml:37:5-39:47
	android:protectionLevel
		ADDED from ChatDemoUI3.0\AndroidManifest.xml:39:9-44
	android:name
		ADDED from ChatDemoUI3.0\AndroidManifest.xml:38:9-66
uses-permission#cn.ucai.superwechat.permission.C2D_MESSAGE
ADDED from ChatDemoUI3.0\AndroidManifest.xml:41:5-82
	android:name
		ADDED from ChatDemoUI3.0\AndroidManifest.xml:41:22-79
permission#cn.ucai.superwechat.permission.MIPUSH_RECEIVE
ADDED from ChatDemoUI3.0\AndroidManifest.xml:43:5-45:47
	android:protectionLevel
		ADDED from ChatDemoUI3.0\AndroidManifest.xml:45:9-44
	android:name
		ADDED from ChatDemoUI3.0\AndroidManifest.xml:44:9-69
uses-permission#cn.ucai.superwechat.permission.MIPUSH_RECEIVE
ADDED from ChatDemoUI3.0\AndroidManifest.xml:47:5-85
	android:name
		ADDED from ChatDemoUI3.0\AndroidManifest.xml:47:22-82
uses-permission#android.permission.READ_EXTERNAL_STORAGE
ADDED from ChatDemoUI3.0\AndroidManifest.xml:48:5-80
	android:name
		ADDED from ChatDemoUI3.0\AndroidManifest.xml:48:22-77
application
ADDED from ChatDemoUI3.0\AndroidManifest.xml:50:5-488:19
MERGED from [com.android.support:support-v4:23.3.0] AndroidManifest.xml:22:5-20
MERGED from [com.android.support:support-v4:23.3.0] AndroidManifest.xml:22:5-20
MERGED from [com.android.support:appcompat-v7:23.3.0] AndroidManifest.xml:25:5-20
MERGED from [com.android.support:support-vector-drawable:23.3.0] AndroidManifest.xml:7:5-20
MERGED from [com.android.support:support-v4:23.3.0] AndroidManifest.xml:22:5-20
MERGED from [com.android.support:animated-vector-drawable:23.3.0] AndroidManifest.xml:7:5-20
MERGED from [com.android.support:support-vector-drawable:23.3.0] AndroidManifest.xml:7:5-20
MERGED from [com.android.support:support-v4:23.3.0] AndroidManifest.xml:22:5-20
MERGED from [com.android.support:support-v4:23.3.0] AndroidManifest.xml:22:5-20
	android:label
		ADDED from ChatDemoUI3.0\AndroidManifest.xml:54:9-41
	android:allowBackup
		ADDED from ChatDemoUI3.0\AndroidManifest.xml:52:9-35
	android:icon
		ADDED from ChatDemoUI3.0\AndroidManifest.xml:53:9-43
	android:theme
		ADDED from ChatDemoUI3.0\AndroidManifest.xml:55:9-40
	android:name
		ADDED from ChatDemoUI3.0\AndroidManifest.xml:51:9-47
activity#cn.ucai.superwechat.ui.MainActivity
ADDED from ChatDemoUI3.0\AndroidManifest.xml:56:9-61:55
	android:screenOrientation
		ADDED from ChatDemoUI3.0\AndroidManifest.xml:59:13-49
	android:launchMode
		ADDED from ChatDemoUI3.0\AndroidManifest.xml:58:13-44
	android:windowSoftInputMode
		ADDED from ChatDemoUI3.0\AndroidManifest.xml:61:13-52
	android:theme
		ADDED from ChatDemoUI3.0\AndroidManifest.xml:60:13-52
	android:name
		ADDED from ChatDemoUI3.0\AndroidManifest.xml:57:13-44
activity#cn.ucai.superwechat.ui.SplashActivity
ADDED from ChatDemoUI3.0\AndroidManifest.xml:64:9-73:20
	android:screenOrientation
		ADDED from ChatDemoUI3.0\AndroidManifest.xml:66:13-49
	android:theme
		ADDED from ChatDemoUI3.0\AndroidManifest.xml:67:13-52
	android:name
		ADDED from ChatDemoUI3.0\AndroidManifest.xml:65:13-46
intent-filter#android.intent.action.MAIN+android.intent.category.LAUNCHER
ADDED from ChatDemoUI3.0\AndroidManifest.xml:68:13-72:29
action#android.intent.action.MAIN
ADDED from ChatDemoUI3.0\AndroidManifest.xml:69:17-69
	android:name
		ADDED from ChatDemoUI3.0\AndroidManifest.xml:69:25-66
category#android.intent.category.LAUNCHER
ADDED from ChatDemoUI3.0\AndroidManifest.xml:71:17-77
	android:name
		ADDED from ChatDemoUI3.0\AndroidManifest.xml:71:27-74
activity#cn.ucai.superwechat.ui.LoginActivity
ADDED from ChatDemoUI3.0\AndroidManifest.xml:76:9-80:71
	android:screenOrientation
		ADDED from ChatDemoUI3.0\AndroidManifest.xml:78:13-49
	android:windowSoftInputMode
		ADDED from ChatDemoUI3.0\AndroidManifest.xml:80:13-68
	android:theme
		ADDED from ChatDemoUI3.0\AndroidManifest.xml:79:13-52
	android:name
		ADDED from ChatDemoUI3.0\AndroidManifest.xml:77:13-45
activity#cn.ucai.superwechat.ui.RegisterActivity
ADDED from ChatDemoUI3.0\AndroidManifest.xml:83:9-87:71
	android:screenOrientation
		ADDED from ChatDemoUI3.0\AndroidManifest.xml:85:13-49
	android:windowSoftInputMode
		ADDED from ChatDemoUI3.0\AndroidManifest.xml:87:13-68
	android:theme
		ADDED from ChatDemoUI3.0\AndroidManifest.xml:86:13-52
	android:name
		ADDED from ChatDemoUI3.0\AndroidManifest.xml:84:13-48
activity#cn.ucai.superwechat.ui.ChatActivity
ADDED from ChatDemoUI3.0\AndroidManifest.xml:89:9-94:58
	android:screenOrientation
		ADDED from ChatDemoUI3.0\AndroidManifest.xml:92:13-49
	android:launchMode
		ADDED from ChatDemoUI3.0\AndroidManifest.xml:91:13-44
	android:windowSoftInputMode
		ADDED from ChatDemoUI3.0\AndroidManifest.xml:94:13-55
	android:theme
		ADDED from ChatDemoUI3.0\AndroidManifest.xml:93:13-52
	android:name
		ADDED from ChatDemoUI3.0\AndroidManifest.xml:90:13-44
activity#cn.ucai.superwechat.ui.AddContactActivity
ADDED from ChatDemoUI3.0\AndroidManifest.xml:96:9-100:58
	android:screenOrientation
		ADDED from ChatDemoUI3.0\AndroidManifest.xml:98:13-49
	android:windowSoftInputMode
		ADDED from ChatDemoUI3.0\AndroidManifest.xml:100:13-55
	android:theme
		ADDED from ChatDemoUI3.0\AndroidManifest.xml:99:13-52
	android:name
		ADDED from ChatDemoUI3.0\AndroidManifest.xml:97:13-50
activity#cn.ucai.superwechat.ui.AddFriendActivity
ADDED from ChatDemoUI3.0\AndroidManifest.xml:101:9-105:58
	android:screenOrientation
		ADDED from ChatDemoUI3.0\AndroidManifest.xml:103:13-49
	android:windowSoftInputMode
		ADDED from ChatDemoUI3.0\AndroidManifest.xml:105:13-55
	android:theme
		ADDED from ChatDemoUI3.0\AndroidManifest.xml:104:13-52
	android:name
		ADDED from ChatDemoUI3.0\AndroidManifest.xml:102:13-49
activity#cn.ucai.superwechat.ui.FriendProfileActivity
ADDED from ChatDemoUI3.0\AndroidManifest.xml:106:9-109:54
	android:screenOrientation
		ADDED from ChatDemoUI3.0\AndroidManifest.xml:108:13-49
	android:theme
		ADDED from ChatDemoUI3.0\AndroidManifest.xml:109:13-52
	android:name
		ADDED from ChatDemoUI3.0\AndroidManifest.xml:107:13-53
activity#cn.ucai.superwechat.ui.GroupDetailsActivity
ADDED from ChatDemoUI3.0\AndroidManifest.xml:111:9-114:55
	android:screenOrientation
		ADDED from ChatDemoUI3.0\AndroidManifest.xml:113:13-49
	android:theme
		ADDED from ChatDemoUI3.0\AndroidManifest.xml:114:13-52
	android:name
		ADDED from ChatDemoUI3.0\AndroidManifest.xml:112:13-52
activity#cn.ucai.superwechat.ui.GroupsActivity
ADDED from ChatDemoUI3.0\AndroidManifest.xml:116:9-120:55
	android:screenOrientation
		ADDED from ChatDemoUI3.0\AndroidManifest.xml:118:13-49
	android:windowSoftInputMode
		ADDED from ChatDemoUI3.0\AndroidManifest.xml:120:13-52
	android:theme
		ADDED from ChatDemoUI3.0\AndroidManifest.xml:119:13-52
	android:name
		ADDED from ChatDemoUI3.0\AndroidManifest.xml:117:13-46
activity#cn.ucai.superwechat.ui.ChatRoomDetailsActivity
ADDED from ChatDemoUI3.0\AndroidManifest.xml:123:9-126:55
	android:screenOrientation
		ADDED from ChatDemoUI3.0\AndroidManifest.xml:125:13-49
	android:theme
		ADDED from ChatDemoUI3.0\AndroidManifest.xml:126:13-52
	android:name
		ADDED from ChatDemoUI3.0\AndroidManifest.xml:124:13-55
activity#cn.ucai.superwechat.ui.NewGroupActivity
ADDED from ChatDemoUI3.0\AndroidManifest.xml:129:9-133:55
	android:screenOrientation
		ADDED from ChatDemoUI3.0\AndroidManifest.xml:131:13-49
	android:windowSoftInputMode
		ADDED from ChatDemoUI3.0\AndroidManifest.xml:133:13-52
	android:theme
		ADDED from ChatDemoUI3.0\AndroidManifest.xml:132:13-52
	android:name
		ADDED from ChatDemoUI3.0\AndroidManifest.xml:130:13-48
activity#cn.ucai.superwechat.ui.ExitGroupDialog
ADDED from ChatDemoUI3.0\AndroidManifest.xml:135:9-138:58
	android:screenOrientation
		ADDED from ChatDemoUI3.0\AndroidManifest.xml:137:13-49
	android:theme
		ADDED from ChatDemoUI3.0\AndroidManifest.xml:138:13-55
	android:name
		ADDED from ChatDemoUI3.0\AndroidManifest.xml:136:13-47
activity#cn.ucai.superwechat.ui.GroupPickContactsActivity
ADDED from ChatDemoUI3.0\AndroidManifest.xml:140:9-144:55
	android:screenOrientation
		ADDED from ChatDemoUI3.0\AndroidManifest.xml:142:13-49
	android:windowSoftInputMode
		ADDED from ChatDemoUI3.0\AndroidManifest.xml:144:13-52
	android:theme
		ADDED from ChatDemoUI3.0\AndroidManifest.xml:143:13-52
	android:name
		ADDED from ChatDemoUI3.0\AndroidManifest.xml:141:13-57
activity#cn.ucai.superwechat.ui.PickAtUserActivity
ADDED from ChatDemoUI3.0\AndroidManifest.xml:145:9-148:55
	android:screenOrientation
		ADDED from ChatDemoUI3.0\AndroidManifest.xml:147:13-49
	android:theme
		ADDED from ChatDemoUI3.0\AndroidManifest.xml:148:13-52
	android:name
		ADDED from ChatDemoUI3.0\AndroidManifest.xml:146:13-50
activity#com.hyphenate.easeui.ui.EaseBaiduMapActivity
ADDED from ChatDemoUI3.0\AndroidManifest.xml:150:9-153:55
	android:screenOrientation
		ADDED from ChatDemoUI3.0\AndroidManifest.xml:152:13-49
	android:theme
		ADDED from ChatDemoUI3.0\AndroidManifest.xml:153:13-52
	android:name
		ADDED from ChatDemoUI3.0\AndroidManifest.xml:151:13-72
activity#cn.ucai.superwechat.ui.NewFriendsMsgActivity
ADDED from ChatDemoUI3.0\AndroidManifest.xml:156:9-159:55
	android:screenOrientation
		ADDED from ChatDemoUI3.0\AndroidManifest.xml:158:13-49
	android:theme
		ADDED from ChatDemoUI3.0\AndroidManifest.xml:159:13-52
	android:name
		ADDED from ChatDemoUI3.0\AndroidManifest.xml:157:13-53
activity#cn.ucai.superwechat.ui.ForwardMessageActivity
ADDED from ChatDemoUI3.0\AndroidManifest.xml:161:9-165:55
	android:screenOrientation
		ADDED from ChatDemoUI3.0\AndroidManifest.xml:163:13-49
	android:windowSoftInputMode
		ADDED from ChatDemoUI3.0\AndroidManifest.xml:165:13-52
	android:theme
		ADDED from ChatDemoUI3.0\AndroidManifest.xml:164:13-52
	android:name
		ADDED from ChatDemoUI3.0\AndroidManifest.xml:162:13-54
activity#cn.ucai.superwechat.ui.ContextMenuActivity
ADDED from ChatDemoUI3.0\AndroidManifest.xml:167:9-170:52
	android:screenOrientation
		ADDED from ChatDemoUI3.0\AndroidManifest.xml:169:13-49
	android:theme
		ADDED from ChatDemoUI3.0\AndroidManifest.xml:170:13-49
	android:name
		ADDED from ChatDemoUI3.0\AndroidManifest.xml:168:13-51
activity#com.hyphenate.easeui.ui.EaseShowBigImageActivity
ADDED from ChatDemoUI3.0\AndroidManifest.xml:172:9-175:55
	android:screenOrientation
		ADDED from ChatDemoUI3.0\AndroidManifest.xml:174:13-49
	android:theme
		ADDED from ChatDemoUI3.0\AndroidManifest.xml:175:13-52
	android:name
		ADDED from ChatDemoUI3.0\AndroidManifest.xml:173:13-76
activity#com.hyphenate.easeui.ui.EaseShowNormalFileActivity
ADDED from ChatDemoUI3.0\AndroidManifest.xml:177:9-180:55
	android:screenOrientation
		ADDED from ChatDemoUI3.0\AndroidManifest.xml:179:13-49
	android:theme
		ADDED from ChatDemoUI3.0\AndroidManifest.xml:180:13-52
	android:name
		ADDED from ChatDemoUI3.0\AndroidManifest.xml:178:13-78
activity#cn.ucai.superwechat.ui.BlacklistActivity
ADDED from ChatDemoUI3.0\AndroidManifest.xml:182:9-185:55
	android:screenOrientation
		ADDED from ChatDemoUI3.0\AndroidManifest.xml:184:13-49
	android:theme
		ADDED from ChatDemoUI3.0\AndroidManifest.xml:185:13-52
	android:name
		ADDED from ChatDemoUI3.0\AndroidManifest.xml:183:13-49
activity#cn.ucai.superwechat.ui.PublicGroupsActivity
ADDED from ChatDemoUI3.0\AndroidManifest.xml:188:9-192:55
	android:screenOrientation
		ADDED from ChatDemoUI3.0\AndroidManifest.xml:190:13-49
	android:windowSoftInputMode
		ADDED from ChatDemoUI3.0\AndroidManifest.xml:192:13-52
	android:theme
		ADDED from ChatDemoUI3.0\AndroidManifest.xml:191:13-52
	android:name
		ADDED from ChatDemoUI3.0\AndroidManifest.xml:189:13-52
activity#cn.ucai.superwechat.ui.PublicChatRoomsActivity
ADDED from ChatDemoUI3.0\AndroidManifest.xml:193:9-197:55
	android:screenOrientation
		ADDED from ChatDemoUI3.0\AndroidManifest.xml:195:13-49
	android:windowSoftInputMode
		ADDED from ChatDemoUI3.0\AndroidManifest.xml:197:13-52
	android:theme
		ADDED from ChatDemoUI3.0\AndroidManifest.xml:196:13-52
	android:name
		ADDED from ChatDemoUI3.0\AndroidManifest.xml:194:13-55
activity#cn.ucai.superwechat.ui.VoiceCallActivity
ADDED from ChatDemoUI3.0\AndroidManifest.xml:200:9-204:51
	android:screenOrientation
		ADDED from ChatDemoUI3.0\AndroidManifest.xml:203:13-49
	android:launchMode
		ADDED from ChatDemoUI3.0\AndroidManifest.xml:202:13-44
	android:theme
		ADDED from ChatDemoUI3.0\AndroidManifest.xml:204:13-48
	android:name
		ADDED from ChatDemoUI3.0\AndroidManifest.xml:201:13-49
activity#cn.ucai.superwechat.ui.VideoCallActivity
ADDED from ChatDemoUI3.0\AndroidManifest.xml:206:9-211:55
	android:screenOrientation
		ADDED from ChatDemoUI3.0\AndroidManifest.xml:210:13-49
	android:launchMode
		ADDED from ChatDemoUI3.0\AndroidManifest.xml:209:13-44
	android:configChanges
		ADDED from ChatDemoUI3.0\AndroidManifest.xml:208:13-74
	android:theme
		ADDED from ChatDemoUI3.0\AndroidManifest.xml:211:13-52
	android:name
		ADDED from ChatDemoUI3.0\AndroidManifest.xml:207:13-49
activity#cn.ucai.superwechat.ui.GroupSimpleDetailActivity
ADDED from ChatDemoUI3.0\AndroidManifest.xml:213:9-216:55
	android:screenOrientation
		ADDED from ChatDemoUI3.0\AndroidManifest.xml:215:13-49
	android:theme
		ADDED from ChatDemoUI3.0\AndroidManifest.xml:216:13-52
	android:name
		ADDED from ChatDemoUI3.0\AndroidManifest.xml:214:13-57
activity#cn.ucai.superwechat.ui.GroupBlacklistActivity
ADDED from ChatDemoUI3.0\AndroidManifest.xml:218:9-221:55
	android:screenOrientation
		ADDED from ChatDemoUI3.0\AndroidManifest.xml:220:13-49
	android:theme
		ADDED from ChatDemoUI3.0\AndroidManifest.xml:221:13-52
	android:name
		ADDED from ChatDemoUI3.0\AndroidManifest.xml:219:13-54
activity#cn.ucai.superwechat.ui.GroupSearchMessageActivity
ADDED from ChatDemoUI3.0\AndroidManifest.xml:222:9-226:58
	android:screenOrientation
		ADDED from ChatDemoUI3.0\AndroidManifest.xml:224:13-49
	android:windowSoftInputMode
		ADDED from ChatDemoUI3.0\AndroidManifest.xml:226:13-55
	android:theme
		ADDED from ChatDemoUI3.0\AndroidManifest.xml:225:13-52
	android:name
		ADDED from ChatDemoUI3.0\AndroidManifest.xml:223:13-58
activity#cn.ucai.superwechat.ui.PublicGroupsSeachActivity
ADDED from ChatDemoUI3.0\AndroidManifest.xml:227:9-230:55
	android:screenOrientation
		ADDED from ChatDemoUI3.0\AndroidManifest.xml:229:13-49
	android:theme
		ADDED from ChatDemoUI3.0\AndroidManifest.xml:230:13-52
	android:name
		ADDED from ChatDemoUI3.0\AndroidManifest.xml:228:13-57
activity#cn.ucai.superwechat.ui.EditActivity
ADDED from ChatDemoUI3.0\AndroidManifest.xml:231:9-235:58
	android:screenOrientation
		ADDED from ChatDemoUI3.0\AndroidManifest.xml:233:13-49
	android:windowSoftInputMode
		ADDED from ChatDemoUI3.0\AndroidManifest.xml:235:13-55
	android:theme
		ADDED from ChatDemoUI3.0\AndroidManifest.xml:234:13-52
	android:name
		ADDED from ChatDemoUI3.0\AndroidManifest.xml:232:13-44
activity#com.hyphenate.easeui.ui.EaseShowVideoActivity
ADDED from ChatDemoUI3.0\AndroidManifest.xml:236:9-240:63
	android:screenOrientation
		ADDED from ChatDemoUI3.0\AndroidManifest.xml:238:13-49
	android:windowSoftInputMode
		ADDED from ChatDemoUI3.0\AndroidManifest.xml:240:13-60
	android:theme
		ADDED from ChatDemoUI3.0\AndroidManifest.xml:239:13-52
	android:name
		ADDED from ChatDemoUI3.0\AndroidManifest.xml:237:13-73
activity#cn.ucai.superwechat.ui.ImageGridActivity
ADDED from ChatDemoUI3.0\AndroidManifest.xml:242:9-246:63
	android:screenOrientation
		ADDED from ChatDemoUI3.0\AndroidManifest.xml:244:13-49
	android:windowSoftInputMode
		ADDED from ChatDemoUI3.0\AndroidManifest.xml:246:13-60
	android:theme
		ADDED from ChatDemoUI3.0\AndroidManifest.xml:245:13-52
	android:name
		ADDED from ChatDemoUI3.0\AndroidManifest.xml:243:13-49
activity#cn.ucai.superwechat.ui.RecorderVideoActivity
ADDED from ChatDemoUI3.0\AndroidManifest.xml:247:9-251:63
	android:screenOrientation
		ADDED from ChatDemoUI3.0\AndroidManifest.xml:249:13-49
	android:windowSoftInputMode
		ADDED from ChatDemoUI3.0\AndroidManifest.xml:251:13-60
	android:theme
		ADDED from ChatDemoUI3.0\AndroidManifest.xml:250:13-52
	android:name
		ADDED from ChatDemoUI3.0\AndroidManifest.xml:248:13-53
activity#cn.ucai.superwechat.ui.DiagnoseActivity
ADDED from ChatDemoUI3.0\AndroidManifest.xml:253:9-257:63
	android:screenOrientation
		ADDED from ChatDemoUI3.0\AndroidManifest.xml:255:13-49
	android:windowSoftInputMode
		ADDED from ChatDemoUI3.0\AndroidManifest.xml:257:13-60
	android:theme
		ADDED from ChatDemoUI3.0\AndroidManifest.xml:256:13-52
	android:name
		ADDED from ChatDemoUI3.0\AndroidManifest.xml:254:13-48
activity#cn.ucai.superwechat.ui.OfflinePushNickActivity
ADDED from ChatDemoUI3.0\AndroidManifest.xml:260:9-264:63
	android:screenOrientation
		ADDED from ChatDemoUI3.0\AndroidManifest.xml:262:13-49
	android:windowSoftInputMode
		ADDED from ChatDemoUI3.0\AndroidManifest.xml:264:13-60
	android:theme
		ADDED from ChatDemoUI3.0\AndroidManifest.xml:263:13-52
	android:name
		ADDED from ChatDemoUI3.0\AndroidManifest.xml:261:13-55
activity#cn.ucai.superwechat.ui.RobotsActivity
ADDED from ChatDemoUI3.0\AndroidManifest.xml:266:9-270:63
	android:screenOrientation
		ADDED from ChatDemoUI3.0\AndroidManifest.xml:268:13-49
	android:windowSoftInputMode
		ADDED from ChatDemoUI3.0\AndroidManifest.xml:270:13-60
	android:theme
		ADDED from ChatDemoUI3.0\AndroidManifest.xml:269:13-52
	android:name
		ADDED from ChatDemoUI3.0\AndroidManifest.xml:267:13-46
activity#cn.ucai.superwechat.ui.UserProfileActivity
ADDED from ChatDemoUI3.0\AndroidManifest.xml:272:9-275:55
	android:screenOrientation
		ADDED from ChatDemoUI3.0\AndroidManifest.xml:274:13-49
	android:theme
		ADDED from ChatDemoUI3.0\AndroidManifest.xml:275:13-52
	android:name
		ADDED from ChatDemoUI3.0\AndroidManifest.xml:273:13-51
activity#cn.ucai.superwechat.ui.SetServersActivity
ADDED from ChatDemoUI3.0\AndroidManifest.xml:276:9-279:55
	android:screenOrientation
		ADDED from ChatDemoUI3.0\AndroidManifest.xml:278:13-49
	android:theme
		ADDED from ChatDemoUI3.0\AndroidManifest.xml:279:13-52
	android:name
		ADDED from ChatDemoUI3.0\AndroidManifest.xml:277:13-50
activity#cn.ucai.superwechat.ui.SettingsActivity
ADDED from ChatDemoUI3.0\AndroidManifest.xml:280:9-283:55
	android:screenOrientation
		ADDED from ChatDemoUI3.0\AndroidManifest.xml:282:13-49
	android:theme
		ADDED from ChatDemoUI3.0\AndroidManifest.xml:283:13-52
	android:name
		ADDED from ChatDemoUI3.0\AndroidManifest.xml:281:13-48
activity#com.easemob.redpacketui.ui.activity.RPRedPacketActivity
ADDED from ChatDemoUI3.0\AndroidManifest.xml:287:9-291:68
	android:screenOrientation
		ADDED from ChatDemoUI3.0\AndroidManifest.xml:289:13-49
	android:windowSoftInputMode
		ADDED from ChatDemoUI3.0\AndroidManifest.xml:291:13-65
	android:theme
		ADDED from ChatDemoUI3.0\AndroidManifest.xml:290:13-52
	android:name
		ADDED from ChatDemoUI3.0\AndroidManifest.xml:288:13-83
activity#com.easemob.redpacketui.ui.activity.RPDetailActivity
ADDED from ChatDemoUI3.0\AndroidManifest.xml:293:9-297:55
	android:screenOrientation
		ADDED from ChatDemoUI3.0\AndroidManifest.xml:295:13-49
	android:windowSoftInputMode
		ADDED from ChatDemoUI3.0\AndroidManifest.xml:297:13-52
	android:theme
		ADDED from ChatDemoUI3.0\AndroidManifest.xml:296:13-52
	android:name
		ADDED from ChatDemoUI3.0\AndroidManifest.xml:294:13-80
activity#com.easemob.redpacketui.ui.activity.RPRecordActivity
ADDED from ChatDemoUI3.0\AndroidManifest.xml:299:9-303:55
	android:screenOrientation
		ADDED from ChatDemoUI3.0\AndroidManifest.xml:301:13-49
	android:windowSoftInputMode
		ADDED from ChatDemoUI3.0\AndroidManifest.xml:303:13-52
	android:theme
		ADDED from ChatDemoUI3.0\AndroidManifest.xml:302:13-52
	android:name
		ADDED from ChatDemoUI3.0\AndroidManifest.xml:300:13-80
activity#com.easemob.redpacketui.ui.activity.RPWebViewActivity
ADDED from ChatDemoUI3.0\AndroidManifest.xml:305:9-309:70
	android:screenOrientation
		ADDED from ChatDemoUI3.0\AndroidManifest.xml:307:13-49
	android:windowSoftInputMode
		ADDED from ChatDemoUI3.0\AndroidManifest.xml:309:13-67
	android:theme
		ADDED from ChatDemoUI3.0\AndroidManifest.xml:308:13-52
	android:name
		ADDED from ChatDemoUI3.0\AndroidManifest.xml:306:13-81
activity#com.easemob.redpacketui.ui.activity.RPChangeActivity
ADDED from ChatDemoUI3.0\AndroidManifest.xml:311:9-315:70
	android:screenOrientation
		ADDED from ChatDemoUI3.0\AndroidManifest.xml:313:13-49
	android:windowSoftInputMode
		ADDED from ChatDemoUI3.0\AndroidManifest.xml:315:13-67
	android:theme
		ADDED from ChatDemoUI3.0\AndroidManifest.xml:314:13-52
	android:name
		ADDED from ChatDemoUI3.0\AndroidManifest.xml:312:13-80
activity#com.easemob.redpacketui.ui.activity.RPBankCardActivity
ADDED from ChatDemoUI3.0\AndroidManifest.xml:317:9-321:67
	android:screenOrientation
		ADDED from ChatDemoUI3.0\AndroidManifest.xml:319:13-49
	android:windowSoftInputMode
		ADDED from ChatDemoUI3.0\AndroidManifest.xml:321:13-64
	android:theme
		ADDED from ChatDemoUI3.0\AndroidManifest.xml:320:13-52
	android:name
		ADDED from ChatDemoUI3.0\AndroidManifest.xml:318:13-82
activity#com.easemob.redpacketui.ui.activity.RPGroupMemberActivity
ADDED from ChatDemoUI3.0\AndroidManifest.xml:323:9-327:67
	android:screenOrientation
		ADDED from ChatDemoUI3.0\AndroidManifest.xml:325:13-49
	android:windowSoftInputMode
		ADDED from ChatDemoUI3.0\AndroidManifest.xml:327:13-64
	android:theme
		ADDED from ChatDemoUI3.0\AndroidManifest.xml:326:13-52
	android:name
		ADDED from ChatDemoUI3.0\AndroidManifest.xml:324:13-85
activity#com.alipay.sdk.app.H5PayActivity
ADDED from ChatDemoUI3.0\AndroidManifest.xml:329:9-334:70
	android:screenOrientation
		ADDED from ChatDemoUI3.0\AndroidManifest.xml:333:13-47
	android:exported
		ADDED from ChatDemoUI3.0\AndroidManifest.xml:332:13-37
	android:windowSoftInputMode
		ADDED from ChatDemoUI3.0\AndroidManifest.xml:334:13-67
	android:configChanges
		ADDED from ChatDemoUI3.0\AndroidManifest.xml:331:13-85
	android:name
		ADDED from ChatDemoUI3.0\AndroidManifest.xml:330:13-60
receiver#cn.ucai.superwechat.receiver.StartServiceReceiver
ADDED from ChatDemoUI3.0\AndroidManifest.xml:339:9-346:20
	android:name
		ADDED from ChatDemoUI3.0\AndroidManifest.xml:339:19-64
intent-filter#android.intent.action.BOOT_COMPLETED+android.intent.action.QUICKBOOT_POWERON+android.intent.category.LAUNCHER
ADDED from ChatDemoUI3.0\AndroidManifest.xml:340:13-345:29
	android:priority
		ADDED from ChatDemoUI3.0\AndroidManifest.xml:340:28-51
action#android.intent.action.BOOT_COMPLETED
ADDED from ChatDemoUI3.0\AndroidManifest.xml:341:17-79
	android:name
		ADDED from ChatDemoUI3.0\AndroidManifest.xml:341:25-76
action#android.intent.action.QUICKBOOT_POWERON
ADDED from ChatDemoUI3.0\AndroidManifest.xml:342:17-82
	android:name
		ADDED from ChatDemoUI3.0\AndroidManifest.xml:342:25-79
receiver#com.hyphenate.chat.EMGCMBroadcastReceiver
ADDED from ChatDemoUI3.0\AndroidManifest.xml:349:9-358:20
	android:exported
		ADDED from ChatDemoUI3.0\AndroidManifest.xml:351:13-36
	android:permission
		ADDED from ChatDemoUI3.0\AndroidManifest.xml:352:13-73
	android:name
		ADDED from ChatDemoUI3.0\AndroidManifest.xml:350:13-69
intent-filter#cn.ucai.superwechat+com.google.android.c2dm.intent.RECEIVE
ADDED from ChatDemoUI3.0\AndroidManifest.xml:353:13-357:29
action#com.google.android.c2dm.intent.RECEIVE
ADDED from ChatDemoUI3.0\AndroidManifest.xml:354:17-81
	android:name
		ADDED from ChatDemoUI3.0\AndroidManifest.xml:354:25-78
category#cn.ucai.superwechat
ADDED from ChatDemoUI3.0\AndroidManifest.xml:356:17-64
	android:name
		ADDED from ChatDemoUI3.0\AndroidManifest.xml:356:27-61
service#com.hyphenate.chat.EMGCMListenerService
ADDED from ChatDemoUI3.0\AndroidManifest.xml:360:9-362:40
	android:exported
		ADDED from ChatDemoUI3.0\AndroidManifest.xml:362:13-37
	android:name
		ADDED from ChatDemoUI3.0\AndroidManifest.xml:361:13-67
receiver#cn.ucai.superwechat.receiver.GCMPushBroadCast
ADDED from ChatDemoUI3.0\AndroidManifest.xml:364:9-372:20
	android:exported
		ADDED from ChatDemoUI3.0\AndroidManifest.xml:366:13-37
	android:name
		ADDED from ChatDemoUI3.0\AndroidManifest.xml:365:13-54
intent-filter#cn.ucai.superwechat+com.hyphenate.sdk.push